<?xml version="1.0" encoding="UTF-8"?>
<!-- Generated by org.testng.reporters.JUnitReportReporter -->
<testsuite hostname="Firm" name="hotels.com.assesment.acmeCountryCucumberApiTest.CountryApiRunnerTest" tests="1" failures="0" timestamp="8 Mar 2016 20:59:07 GMT" time="40.552" errors="0">
  <testcase name="run_cukes" time="40.552" classname="hotels.com.assesment.acmeCountryCucumberApiTest.CountryApiRunnerTest"/>
</testsuite> <!-- hotelsApp.com.assesment.acmeCountryCucumberApiTest.CountryApiRunnerTest -->
