<?xml version="1.0" encoding="UTF-8"?>
<!-- Generated by org.testng.reporters.JUnitReportReporter -->
<testsuite hostname="Firm" name="MySecondTest" tests="1" failures="0" timestamp="8 Mar 2016 20:59:07 GMT" time="26.710" errors="0">
  <testcase name="MySecondTestMethod" time="26.710" classname="MySecondTest"/>
</testsuite> <!-- hotelsApp.com.assesment.scripts.seleniumWebsiteTest.MySecondTest -->
