<?xml version="1.0" encoding="UTF-8"?>
<!-- Generated by org.testng.reporters.JUnitReportReporter -->
<testsuite hostname="Firm" name="hotels.com.assesment.acmeCountryDataProviderApiTest.CountryGetAllTest" tests="4" failures="0" timestamp="8 Mar 2016 20:59:07 GMT" time="8.260" errors="0">
  <testcase name="assertAlphaCodeInAllCountry" time="7.260" classname="hotels.com.assesment.acmeCountryDataProviderApiTest.CountryGetAllTest"/>
  <testcase name="assertAlphaCodeInAllCountry" time="0.390" classname="hotels.com.assesment.acmeCountryDataProviderApiTest.CountryGetAllTest"/>
  <testcase name="assertCountryNamesInAllCountry" time="0.289" classname="hotels.com.assesment.acmeCountryDataProviderApiTest.CountryGetAllTest"/>
  <testcase name="assertCountryNamesInAllCountry" time="0.321" classname="hotels.com.assesment.acmeCountryDataProviderApiTest.CountryGetAllTest"/>
</testsuite> <!-- hotelsApp.com.assesment.acmeCountryDataProviderApiTest.CountryGetAllTest -->
