<?xml version="1.0" encoding="UTF-8"?>
<!-- Generated by org.testng.reporters.JUnitReportReporter -->
<testsuite hostname="Firm" name="MyFirstTest" tests="1" failures="0" timestamp="8 Mar 2016 20:59:07 GMT" time="39.873" errors="0">
  <testcase name="MyFirstTestMethod" time="39.873" classname="MyFirstTest"/>
</testsuite> <!-- hotelsApp.com.assesment.scripts.seleniumWebsiteTest.MyFirstTest -->
